x:\wang\huang\data\scripts\models\rlcc\x64\release\rlcc.lib
x:\wang\huang\data\scripts\models\rlcc\x64\release\rlcc.exp
x:\wang\huang\data\scripts\models\rlcc\x64\release\rlcc.ipdb
x:\wang\huang\data\scripts\models\rlcc\x64\release\rlcc.iobj
x:\wang\huang\data\scripts\models\rlcc\x64\release\rlcc.pyd
x:\wang\huang\data\scripts\models\rlcc\x64\release\rlcc.pdb
x:\wang\huang\data\scripts\models\rlcc\x64\release\vc142.pdb
x:\wang\huang\rlcc\rlcc\x64\release\rlccmodule.obj
x:\wang\huang\rlcc\rlcc\x64\release\rlcc.ipdb
x:\wang\huang\rlcc\rlcc\x64\release\rlcc.iobj
x:\wang\huang\rlcc\rlcc\x64\release\rlcc.exp
x:\wang\huang\rlcc\rlcc\x64\release\vc142.pdb
x:\wang\huang\rlcc\rlcc\x64\release\rlcc.pdb
x:\wang\huang\rlcc\rlcc\x64\release\rlcc.pyd
x:\wang\huang\rlcc\rlcc\x64\release\rlcc.tlog\rlcc.write.1u.tlog
x:\wang\huang\rlcc\rlcc\x64\release\rlcc.tlog\link.write.1.tlog
x:\wang\huang\rlcc\rlcc\x64\release\rlcc.tlog\link.command.1.tlog
x:\wang\huang\rlcc\rlcc\x64\release\rlcc.tlog\link.read.1.tlog
x:\wang\huang\rlcc\rlcc\x64\release\rlcc.tlog\cl.command.1.tlog
x:\wang\huang\rlcc\rlcc\x64\release\rlcc.tlog\cl.write.1.tlog
x:\wang\huang\rlcc\rlcc\x64\release\rlcc.tlog\cl.read.1.tlog
